<?xml version="1.0" encoding="UTF-8"?>
<!-- Generated by org.testng.reporters.JUnitXMLReporter -->
<testsuite ignored="0" hostname="LAPTOP-DATJALVN" failures="0" tests="4" name="Default test" time="64.052" errors="0" timestamp="2024-06-15T07:14:19 IST">
  <testcase classname="Sel.OrangeTDD.OrangeLoginTest" name="Login_test1" time="0.826"/>
  <testcase classname="Sel.OrangeTDD.OrangeLoginTest" name="Login_test1" time="2.113"/>
  <testcase classname="Sel.OrangeTDD.OrangeLoginTest" name="Logout_test3" time="21.767"/>
  <testcase classname="Sel.OrangeTDD.OrangeLoginTest" name="operation_test" time="21.164"/>
</testsuite> <!-- Default test -->
