<?xml version="1.0" encoding="UTF-8"?>
<!-- Generated by org.testng.reporters.JUnitXMLReporter -->
<testsuite ignored="3" hostname="LAPTOP-DATJALVN" failures="0" tests="2" name="Test1" time="15.448" errors="0" timestamp="2024-06-13T12:26:27 IST">
  <testcase classname="Sel.OrangeTDD.OrangeLoginTest" name="Login_test1" time="2.151"/>
  <testcase classname="Sel.OrangeTDD.OrangeLoginTest" name="Login_test1" time="2.204"/>
  <testcase classname="Sel.OrangeTDD.OrangeLoginTest" name="check_D" time="0.0">
    <ignored/>
  </testcase> <!-- check_D -->
  <testcase classname="Sel.OrangeTDD.OrangeLoginTest" name="Logout_test3" time="0.0">
    <ignored/>
  </testcase> <!-- Logout_test3 -->
  <testcase classname="Sel.OrangeTDD.OrangeLoginTest" name="operation_test2" time="0.0">
    <ignored/>
  </testcase> <!-- operation_test2 -->
</testsuite> <!-- Test1 -->
