<?xml version="1.0" encoding="UTF-8"?>
<!-- Generated by org.testng.reporters.JUnitXMLReporter -->
<testsuite ignored="2" hostname="LAPTOP-DATJALVN" failures="0" tests="1" name="Test_003" time="25.421" errors="0" timestamp="2024-06-13T13:34:07 IST">
  <testcase classname="Sel.OrangeTDD.OrangeLoginTest" name="Logout_test3" time="18.407"/>
  <testcase classname="Sel.OrangeTDD.OrangeLoginTest" name="operation_test" time="0.0">
    <ignored/>
  </testcase> <!-- operation_test -->
  <testcase classname="Sel.OrangeTDD.OrangeLoginTest" name="Login_test1" time="0.0">
    <ignored/>
  </testcase> <!-- Login_test1 -->
</testsuite> <!-- Test_003 -->
