<?xml version="1.0" encoding="UTF-8"?>
<!-- Generated by org.testng.reporters.JUnitXMLReporter -->
<testsuite ignored="2" hostname="LAPTOP-DATJALVN" failures="0" tests="1" name="Test_002" time="21.291" errors="0" timestamp="2024-06-13T13:33:41 IST">
  <testcase classname="Sel.OrangeTDD.OrangeLoginTest" name="operation_test" time="17.197"/>
  <testcase classname="Sel.OrangeTDD.OrangeLoginTest" name="Logout_test3" time="0.0">
    <ignored/>
  </testcase> <!-- Logout_test3 -->
  <testcase classname="Sel.OrangeTDD.OrangeLoginTest" name="Login_test1" time="0.0">
    <ignored/>
  </testcase> <!-- Login_test1 -->
</testsuite> <!-- Test_002 -->
