<?xml version="1.0" encoding="UTF-8"?>
<!-- Generated by org.testng.reporters.JUnitXMLReporter -->
<testsuite ignored="2" hostname="LAPTOP-DATJALVN" failures="0" tests="2" name="Test_001" time="13.985" errors="0" timestamp="2024-06-13T13:33:20 IST">
  <testcase classname="Sel.OrangeTDD.OrangeLoginTest" name="Login_test1" time="1.673"/>
  <testcase classname="Sel.OrangeTDD.OrangeLoginTest" name="Login_test1" time="1.771"/>
  <testcase classname="Sel.OrangeTDD.OrangeLoginTest" name="Logout_test3" time="0.0">
    <ignored/>
  </testcase> <!-- Logout_test3 -->
  <testcase classname="Sel.OrangeTDD.OrangeLoginTest" name="operation_test" time="0.0">
    <ignored/>
  </testcase> <!-- operation_test -->
</testsuite> <!-- Test_001 -->
