<?xml version="1.0" encoding="UTF-8"?>
<!-- Generated by org.testng.reporters.JUnitXMLReporter -->
<testsuite ignored="0" hostname="LAPTOP-DATJALVN" failures="0" tests="4" name="Test" time="77.941" errors="0" timestamp="2024-06-13T12:51:45 IST">
  <testcase classname="Sel.OrangeTDD.OrangeLoginTest" name="Login_test1" time="0.919"/>
  <testcase classname="Sel.OrangeTDD.OrangeLoginTest" name="Login_test1" time="2.546"/>
  <testcase classname="Sel.OrangeTDD.OrangeLoginTest" name="operation_test" time="20.57"/>
  <testcase classname="Sel.OrangeTDD.OrangeLoginTest" name="Logout_test3" time="21.684"/>
</testsuite> <!-- Test -->
